<?xml version="1.0" encoding="UTF-8"?>
<!-- Generated by org.testng.reporters.JUnitXMLReporter -->
<testsuite hostname="Ramyah-VAIO" ignored="0" name="first suite1" tests="1" failures="1" timestamp="24 Jan 2020 07:16:10 GMT" time="60.936" errors="0">
  <testcase name="validateFirstTest" time="60.817" classname="firstTest.FirstTest">
    <failure type="java.lang.ArithmeticException" message="/ by zero">
      <![CDATA[java.lang.ArithmeticException: / by zeroat firstTest.FirstTest.validateFirstTest(FirstTest.java:28)... Removed 28 stack frames]]>
    </failure>
  </testcase> <!-- validateFirstTest -->
</testsuite> <!-- first suite1 -->
